{"contracts/NFT_Marketplace.sol":{"l":{"37":14,"38":14,"39":1,"41":13,"45":17,"46":17,"47":16,"48":1,"50":15,"54":8,"55":8,"56":0,"58":8,"65":11,"66":1,"69":10,"71":10,"72":0,"75":10,"76":10,"84":4,"87":4,"88":1,"90":3,"91":3,"92":3,"93":3,"99":2,"100":2,"104":2,"105":1,"107":1,"108":1,"113":2,"114":2,"115":1,"117":1,"118":1,"120":1,"121":0,"129":2,"134":3},"path":"/Users/syedhussainsabar/differentWlletConnection/bitovia-app/Modern_NFT_Marketplace/Backend/contracts/NFT_Marketplace.sol","s":{"1":14,"2":14,"3":17,"4":17,"5":16,"6":8,"7":8,"8":11,"9":10,"10":10,"11":10,"12":4,"13":4,"14":3,"15":3,"16":2,"17":2,"18":1,"19":2,"20":2,"21":1,"22":1,"23":2,"24":3},"b":{"1":[1,13],"2":[1,15],"3":[0,8],"4":[13,1],"5":[11,2],"6":[1,10],"7":[0,10],"8":[4,0],"9":[4,0],"10":[1,3],"11":[2,0],"12":[2,0],"13":[2,0],"14":[2,0],"15":[1,1],"16":[1,1],"17":[0,1]},"f":{"1":14,"2":17,"3":8,"4":11,"5":4,"6":2,"7":2,"8":2,"9":2,"10":3},"fnMap":{"1":{"name":"notListed","line":36,"loc":{"start":{"line":36,"column":0},"end":{"line":42,"column":0}}},"2":{"name":"isOwner","line":44,"loc":{"start":{"line":44,"column":0},"end":{"line":51,"column":0}}},"3":{"name":"isListed","line":53,"loc":{"start":{"line":53,"column":0},"end":{"line":59,"column":0}}},"4":{"name":"list_item","line":64,"loc":{"start":{"line":64,"column":0},"end":{"line":78,"column":0}}},"5":{"name":"buyItem","line":82,"loc":{"start":{"line":81,"column":0},"end":{"line":95,"column":0}}},"6":{"name":"cancel_listing","line":98,"loc":{"start":{"line":98,"column":0},"end":{"line":101,"column":0}}},"7":{"name":"update_listing","line":103,"loc":{"start":{"line":103,"column":0},"end":{"line":109,"column":0}}},"8":{"name":"withdraw","line":112,"loc":{"start":{"line":112,"column":0},"end":{"line":124,"column":0}}},"9":{"name":"getListings","line":128,"loc":{"start":{"line":128,"column":0},"end":{"line":130,"column":0}}},"10":{"name":"getProceeds","line":133,"loc":{"start":{"line":133,"column":0},"end":{"line":135,"column":0}}}},"statementMap":{"1":{"start":{"line":37,"column":0},"end":{"line":37,"column":56}},"2":{"start":{"line":38,"column":0},"end":{"line":38,"column":1568}},"3":{"start":{"line":45,"column":0},"end":{"line":45,"column":33}},"4":{"start":{"line":46,"column":0},"end":{"line":46,"column":37}},"5":{"start":{"line":47,"column":0},"end":{"line":47,"column":1790}},"6":{"start":{"line":54,"column":0},"end":{"line":54,"column":56}},"7":{"start":{"line":55,"column":0},"end":{"line":55,"column":1973}},"8":{"start":{"line":65,"column":0},"end":{"line":65,"column":2254}},"9":{"start":{"line":69,"column":0},"end":{"line":69,"column":34}},"10":{"start":{"line":71,"column":0},"end":{"line":71,"column":2366}},"11":{"start":{"line":76,"column":0},"end":{"line":76,"column":54}},"12":{"start":{"line":84,"column":0},"end":{"line":84,"column":58}},"13":{"start":{"line":87,"column":0},"end":{"line":87,"column":2829}},"14":{"start":{"line":92,"column":0},"end":{"line":92,"column":72}},"15":{"start":{"line":93,"column":0},"end":{"line":93,"column":66}},"16":{"start":{"line":100,"column":0},"end":{"line":100,"column":49}},"17":{"start":{"line":104,"column":0},"end":{"line":104,"column":3600}},"18":{"start":{"line":108,"column":0},"end":{"line":108,"column":58}},"19":{"start":{"line":113,"column":4},"end":{"line":113,"column":45}},"20":{"start":{"line":114,"column":4},"end":{"line":114,"column":3914}},"21":{"start":{"line":118,"column":0},"end":{"line":118,"column":62}},"22":{"start":{"line":120,"column":0},"end":{"line":120,"column":4073}},"23":{"start":{"line":129,"column":0},"end":{"line":129,"column":40}},"24":{"start":{"line":134,"column":0},"end":{"line":134,"column":25}}},"branchMap":{"1":{"line":38,"type":"if","locations":[{"start":{"line":38,"column":0},"end":{"line":38,"column":0}},{"start":{"line":38,"column":0},"end":{"line":38,"column":0}}]},"2":{"line":47,"type":"if","locations":[{"start":{"line":47,"column":0},"end":{"line":47,"column":0}},{"start":{"line":47,"column":0},"end":{"line":47,"column":0}}]},"3":{"line":55,"type":"if","locations":[{"start":{"line":55,"column":0},"end":{"line":55,"column":0}},{"start":{"line":55,"column":0},"end":{"line":55,"column":0}}]},"4":{"line":64,"type":"if","locations":[{"start":{"line":64,"column":81},"end":{"line":64,"column":81}},{"start":{"line":64,"column":81},"end":{"line":64,"column":81}}]},"5":{"line":64,"type":"if","locations":[{"start":{"line":64,"column":124},"end":{"line":64,"column":124}},{"start":{"line":64,"column":124},"end":{"line":64,"column":124}}]},"6":{"line":65,"type":"if","locations":[{"start":{"line":65,"column":0},"end":{"line":65,"column":0}},{"start":{"line":65,"column":0},"end":{"line":65,"column":0}}]},"7":{"line":71,"type":"if","locations":[{"start":{"line":71,"column":0},"end":{"line":71,"column":0}},{"start":{"line":71,"column":0},"end":{"line":71,"column":0}}]},"8":{"line":81,"type":"if","locations":[{"start":{"line":81,"column":72},"end":{"line":81,"column":72}},{"start":{"line":81,"column":72},"end":{"line":81,"column":72}}]},"9":{"line":82,"type":"if","locations":[{"start":{"line":82,"column":0},"end":{"line":82,"column":0}},{"start":{"line":82,"column":0},"end":{"line":82,"column":0}}]},"10":{"line":87,"type":"if","locations":[{"start":{"line":87,"column":0},"end":{"line":87,"column":0}},{"start":{"line":87,"column":0},"end":{"line":87,"column":0}}]},"11":{"line":98,"type":"if","locations":[{"start":{"line":98,"column":72},"end":{"line":98,"column":72}},{"start":{"line":98,"column":72},"end":{"line":98,"column":72}}]},"12":{"line":98,"type":"if","locations":[{"start":{"line":98,"column":113},"end":{"line":98,"column":113}},{"start":{"line":98,"column":113},"end":{"line":98,"column":113}}]},"13":{"line":103,"type":"if","locations":[{"start":{"line":103,"column":80},"end":{"line":103,"column":80}},{"start":{"line":103,"column":80},"end":{"line":103,"column":80}}]},"14":{"line":103,"type":"if","locations":[{"start":{"line":103,"column":121},"end":{"line":103,"column":121}},{"start":{"line":103,"column":121},"end":{"line":103,"column":121}}]},"15":{"line":104,"type":"if","locations":[{"start":{"line":104,"column":0},"end":{"line":104,"column":0}},{"start":{"line":104,"column":0},"end":{"line":104,"column":0}}]},"16":{"line":114,"type":"if","locations":[{"start":{"line":114,"column":4},"end":{"line":114,"column":4}},{"start":{"line":114,"column":4},"end":{"line":114,"column":4}}]},"17":{"line":120,"type":"if","locations":[{"start":{"line":120,"column":0},"end":{"line":120,"column":0}},{"start":{"line":120,"column":0},"end":{"line":120,"column":0}}]}}},"contracts/tests/BasicNFT.sol":{"l":{"14":3,"18":20,"19":20,"20":20,"24":1,"25":0,"29":2},"path":"/Users/syedhussainsabar/differentWlletConnection/bitovia-app/Modern_NFT_Marketplace/Backend/contracts/tests/BasicNFT.sol","s":{"1":20,"2":20,"3":1,"4":0,"5":2},"b":{"1":[0,1]},"f":{"1":3,"2":20,"3":1,"4":2},"fnMap":{"1":{"name":"constructor","line":13,"loc":{"start":{"line":13,"column":4},"end":{"line":15,"column":4}}},"2":{"name":"mintNft","line":17,"loc":{"start":{"line":17,"column":4},"end":{"line":21,"column":4}}},"3":{"name":"tokenURI","line":23,"loc":{"start":{"line":23,"column":4},"end":{"line":26,"column":4}}},"4":{"name":"getTokenCounter","line":28,"loc":{"start":{"line":28,"column":4},"end":{"line":30,"column":4}}}},"statementMap":{"1":{"start":{"line":18,"column":8},"end":{"line":18,"column":44}},"2":{"start":{"line":19,"column":8},"end":{"line":19,"column":38}},"3":{"start":{"line":24,"column":8},"end":{"line":24,"column":83}},"4":{"start":{"line":25,"column":8},"end":{"line":25,"column":24}},"5":{"start":{"line":29,"column":8},"end":{"line":29,"column":29}}},"branchMap":{"1":{"line":24,"type":"if","locations":[{"start":{"line":24,"column":8},"end":{"line":24,"column":8}},{"start":{"line":24,"column":8},"end":{"line":24,"column":8}}]}}}}