TN:
SF:/Users/syedhussainsabar/differentWlletConnection/bitovia-app/Modern_NFT_Marketplace/Backend/contracts/NFT_Marketplace.sol
FN:36,notListed
FN:44,isOwner
FN:53,isListed
FN:64,list_item
FN:82,buyItem
FN:98,cancel_listing
FN:103,update_listing
FN:112,withdraw
FN:128,getListings
FN:133,getProceeds
FNF:10
FNH:10
FNDA:14,notListed
FNDA:17,isOwner
FNDA:8,isListed
FNDA:11,list_item
FNDA:4,buyItem
FNDA:2,cancel_listing
FNDA:2,update_listing
FNDA:2,withdraw
FNDA:2,getListings
FNDA:3,getProceeds
DA:37,14
DA:38,14
DA:39,1
DA:41,13
DA:45,17
DA:46,17
DA:47,16
DA:48,1
DA:50,15
DA:54,8
DA:55,8
DA:56,0
DA:58,8
DA:65,11
DA:66,1
DA:69,10
DA:71,10
DA:72,0
DA:75,10
DA:76,10
DA:84,4
DA:87,4
DA:88,1
DA:90,3
DA:91,3
DA:92,3
DA:93,3
DA:99,2
DA:100,2
DA:104,2
DA:105,1
DA:107,1
DA:108,1
DA:113,2
DA:114,2
DA:115,1
DA:117,1
DA:118,1
DA:120,1
DA:121,0
DA:129,2
DA:134,3
LF:42
LH:39
BRDA:38,1,0,1
BRDA:38,1,1,13
BRDA:47,2,0,1
BRDA:47,2,1,15
BRDA:55,3,0,0
BRDA:55,3,1,8
BRDA:64,4,0,13
BRDA:64,4,1,1
BRDA:64,5,0,11
BRDA:64,5,1,2
BRDA:65,6,0,1
BRDA:65,6,1,10
BRDA:71,7,0,0
BRDA:71,7,1,10
BRDA:81,8,0,4
BRDA:81,8,1,0
BRDA:82,9,0,4
BRDA:82,9,1,0
BRDA:87,10,0,1
BRDA:87,10,1,3
BRDA:98,11,0,2
BRDA:98,11,1,0
BRDA:98,12,0,2
BRDA:98,12,1,0
BRDA:103,13,0,2
BRDA:103,13,1,0
BRDA:103,14,0,2
BRDA:103,14,1,0
BRDA:104,15,0,1
BRDA:104,15,1,1
BRDA:114,16,0,1
BRDA:114,16,1,1
BRDA:120,17,0,0
BRDA:120,17,1,1
BRF:34
BRH:25
end_of_record
TN:
SF:/Users/syedhussainsabar/differentWlletConnection/bitovia-app/Modern_NFT_Marketplace/Backend/contracts/tests/BasicNFT.sol
FN:13,constructor
FN:17,mintNft
FN:23,tokenURI
FN:28,getTokenCounter
FNF:4
FNH:4
FNDA:3,constructor
FNDA:20,mintNft
FNDA:1,tokenURI
FNDA:2,getTokenCounter
DA:14,3
DA:18,20
DA:19,20
DA:20,20
DA:24,1
DA:25,0
DA:29,2
LF:7
LH:6
BRDA:24,1,0,0
BRDA:24,1,1,1
BRF:2
BRH:1
end_of_record
